<?xml version="1.0" encoding="UTF-8"?>
<testsuite name="edu.emory.cs.sort.HybridSortTest" tests="1" skipped="0" failures="0" errors="0" timestamp="2019-10-09T05:15:50" hostname="Jay의 MacBook Pro" time="1861.59">
  <properties/>
  <testcase name="testSpeed" classname="edu.emory.cs.sort.HybridSortTest" time="1861.59"/>
  <system-out><![CDATA[Row: 100, Col: 100, ratio: 0.25	1258	1134
Row: 200, Col: 100, ratio: 0.25	2817	2461
Row: 300, Col: 100, ratio: 0.25	4609	4038
Row: 400, Col: 100, ratio: 0.25	6606	5838
Row: 500, Col: 100, ratio: 0.25	8458	7513
Row: 600, Col: 100, ratio: 0.25	9459	8761
Row: 700, Col: 100, ratio: 0.25	11566	10786
Row: 800, Col: 100, ratio: 0.25	13028	12219
Row: 900, Col: 100, ratio: 0.25	27189	616802
Row: 1000, Col: 100, ratio: 0.25	1021194	23874
]]></system-out>
  <system-err><![CDATA[]]></system-err>
</testsuite>
