<?xml version="1.0" encoding="UTF-8"?>
<testsuite name="edu.emory.cs.sort.SortTest" tests="1" skipped="0" failures="0" errors="0" timestamp="2019-09-23T07:36:11" hostname="DESKTOP-2NQTQ1T" time="3602.087">
  <properties/>
  <testcase name="testSpeed" classname="edu.emory.cs.sort.SortTest" time="3602.087"/>
  <system-out><![CDATA[1000	6078	1696934000	333000000
2000	29643	9784206999	1332667998
3000	72790	24264813000	2999000000
4000	136758	45138753998	5331999996
5000	220994	72406026999	8331667998
6000	325408	106066633000	11998000000
7000	447836	146120574000	16331000000
8000	592672	192567846996	21330667992
9000	765023	245408453000	26997000000
10000	965411	304642393997	33329999994
]]></system-out>
  <system-err><![CDATA[]]></system-err>
</testsuite>
